# JRE version: Java(TM) SE Runtime Environment (8.0_211-b12) (build 1.8.0_211-b12)
# Java VM: Java HotSpot(TM) 64-Bit Server VM (25.211-b12 mixed mode windows-amd64 compressed oops)
Heap:
 PSYoungGen      total 146944K, used 130571K [0x00000000f5580000, 0x00000000ffe80000, 0x0000000100000000)
  eden space 120320K, 97% used [0x00000000f5580000,0x00000000fc84e338,0x00000000fcb00000)
  from space 26624K, 48% used [0x00000000fe480000,0x00000000ff134c40,0x00000000ffe80000)
  to   space 26112K, 0% used [0x00000000fcb00000,0x00000000fcb00000,0x00000000fe480000)
 ParOldGen       total 245248K, used 140166K [0x00000000e0000000, 0x00000000eef80000, 0x00000000f5580000)
  object space 245248K, 57% used [0x00000000e0000000,0x00000000e88e1800,0x00000000eef80000)
 Metaspace       used 90908K, capacity 94174K, committed 94296K, reserved 1130496K
  class space    used 11907K, capacity 12600K, committed 12632K, reserved 1048576K
GC Heap History (10 events):
Event: 328.956 GC heap before
{Heap before GC invocations=33 (full 3):
 PSYoungGen      total 145408K, used 116992K [0x00000000f5580000, 0x0000000100000000, 0x0000000100000000)
  eden space 116736K, 100% used [0x00000000f5580000,0x00000000fc780000,0x00000000fc780000)
  from space 28672K, 0% used [0x00000000fc780000,0x00000000fc7c0000,0x00000000fe380000)
  to   space 29184K, 0% used [0x00000000fe380000,0x00000000fe380000,0x0000000100000000)
 ParOldGen       total 245248K, used 129544K [0x00000000e0000000, 0x00000000eef80000, 0x00000000f5580000)
  object space 245248K, 52% used [0x00000000e0000000,0x00000000e7e82088,0x00000000eef80000)
 Metaspace       used 75026K, capacity 77570K, committed 77656K, reserved 1116160K
  class space    used 9906K, capacity 10506K, committed 10584K, reserved 1048576K
Event: 328.965 GC heap after
Heap after GC invocations=33 (full 3):
 PSYoungGen      total 145408K, used 672K [0x00000000f5580000, 0x0000000100000000, 0x0000000100000000)
  eden space 116224K, 0% used [0x00000000f5580000,0x00000000f5580000,0x00000000fc700000)
  from space 29184K, 2% used [0x00000000fe380000,0x00000000fe428000,0x0000000100000000)
  to   space 29184K, 0% used [0x00000000fc700000,0x00000000fc700000,0x00000000fe380000)
 ParOldGen       total 245248K, used 129740K [0x00000000e0000000, 0x00000000eef80000, 0x00000000f5580000)
  object space 245248K, 52% used [0x00000000e0000000,0x00000000e7eb30b8,0x00000000eef80000)
 Metaspace       used 75026K, capacity 77570K, committed 77656K, reserved 1116160K
  class space    used 9906K, capacity 10506K, committed 10584K, reserved 1048576K
}
Event: 332.862 GC heap before
{Heap before GC invocations=34 (full 3):
 PSYoungGen      total 145408K, used 116896K [0x00000000f5580000, 0x0000000100000000, 0x0000000100000000)
  eden space 116224K, 100% used [0x00000000f5580000,0x00000000fc700000,0x00000000fc700000)
  from space 29184K, 2% used [0x00000000fe380000,0x00000000fe428000,0x0000000100000000)
  to   space 29184K, 0% used [0x00000000fc700000,0x00000000fc700000,0x00000000fe380000)
 ParOldGen       total 245248K, used 129740K [0x00000000e0000000, 0x00000000eef80000, 0x00000000f5580000)
  object space 245248K, 52% used [0x00000000e0000000,0x00000000e7eb30b8,0x00000000eef80000)
 Metaspace       used 81097K, capacity 83650K, committed 83672K, reserved 1122304K
  class space    used 10610K, capacity 11210K, committed 11224K, reserved 1048576K
Event: 332.909 GC heap after
Heap after GC invocations=34 (full 3):
 PSYoungGen      total 124416K, used 8014K [0x00000000f5580000, 0x00000000ffd00000, 0x0000000100000000)
  eden space 116224K, 0% used [0x00000000f5580000,0x00000000f5580000,0x00000000fc700000)
  from space 8192K, 97% used [0x00000000fc700000,0x00000000fced38d8,0x00000000fcf00000)
  to   space 27648K, 0% used [0x00000000fe200000,0x00000000fe200000,0x00000000ffd00000)
 ParOldGen       total 245248K, used 130356K [0x00000000e0000000, 0x00000000eef80000, 0x00000000f5580000)
  object space 245248K, 53% used [0x00000000e0000000,0x00000000e7f4d0b8,0x00000000eef80000)
 Metaspace       used 81097K, capacity 83650K, committed 83672K, reserved 1122304K
  class space    used 10610K, capacity 11210K, committed 11224K, reserved 1048576K
}
Event: 335.916 GC heap before
{Heap before GC invocations=35 (full 3):
 PSYoungGen      total 124416K, used 124238K [0x00000000f5580000, 0x00000000ffd00000, 0x0000000100000000)
  eden space 116224K, 100% used [0x00000000f5580000,0x00000000fc700000,0x00000000fc700000)
  from space 8192K, 97% used [0x00000000fc700000,0x00000000fced38d8,0x00000000fcf00000)
  to   space 27648K, 0% used [0x00000000fe200000,0x00000000fe200000,0x00000000ffd00000)
 ParOldGen       total 245248K, used 130356K [0x00000000e0000000, 0x00000000eef80000, 0x00000000f5580000)
  object space 245248K, 53% used [0x00000000e0000000,0x00000000e7f4d0b8,0x00000000eef80000)
 Metaspace       used 81156K, capacity 83656K, committed 83928K, reserved 1122304K
  class space    used 10610K, capacity 11211K, committed 11224K, reserved 1048576K
Event: 335.934 GC heap after
Heap after GC invocations=35 (full 3):
 PSYoungGen      total 144384K, used 5216K [0x00000000f5580000, 0x0000000100000000, 0x0000000100000000)
  eden space 116736K, 0% used [0x00000000f5580000,0x00000000f5580000,0x00000000fc780000)
  from space 27648K, 18% used [0x00000000fe200000,0x00000000fe718000,0x00000000ffd00000)
  to   space 27136K, 0% used [0x00000000fc780000,0x00000000fc780000,0x00000000fe200000)
 ParOldGen       total 245248K, used 132553K [0x00000000e0000000, 0x00000000eef80000, 0x00000000f5580000)
  object space 245248K, 54% used [0x00000000e0000000,0x00000000e8172700,0x00000000eef80000)
 Metaspace       used 81156K, capacity 83656K, committed 83928K, reserved 1122304K
  class space    used 10610K, capacity 11211K, committed 11224K, reserved 1048576K
}
Event: 337.656 GC heap before
{Heap before GC invocations=36 (full 3):
 PSYoungGen      total 144384K, used 121952K [0x00000000f5580000, 0x0000000100000000, 0x0000000100000000)
  eden space 116736K, 100% used [0x00000000f5580000,0x00000000fc780000,0x00000000fc780000)
  from space 27648K, 18% used [0x00000000fe200000,0x00000000fe718000,0x00000000ffd00000)
  to   space 27136K, 0% used [0x00000000fc780000,0x00000000fc780000,0x00000000fe200000)
 ParOldGen       total 245248K, used 132606K [0x00000000e0000000, 0x00000000eef80000, 0x00000000f5580000)
  object space 245248K, 54% used [0x00000000e0000000,0x00000000e817fb30,0x00000000eef80000)
 Metaspace       used 82053K, capacity 84652K, committed 84824K, reserved 1122304K
  class space    used 10731K, capacity 11337K, committed 11352K, reserved 1048576K
Event: 337.686 GC heap after
Heap after GC invocations=36 (full 3):
 PSYoungGen      total 143872K, used 13128K [0x00000000f5580000, 0x00000000ffe80000, 0x0000000100000000)
  eden space 116736K, 0% used [0x00000000f5580000,0x00000000f5580000,0x00000000fc780000)
  from space 27136K, 48% used [0x00000000fc780000,0x00000000fd452330,0x00000000fe200000)
  to   space 26624K, 0% used [0x00000000fe480000,0x00000000fe480000,0x00000000ffe80000)
 ParOldGen       total 245248K, used 135762K [0x00000000e0000000, 0x00000000eef80000, 0x00000000f5580000)
  object space 245248K, 55% used [0x00000000e0000000,0x00000000e8494888,0x00000000eef80000)
 Metaspace       used 82053K, capacity 84652K, committed 84824K, reserved 1122304K
  class space    used 10731K, capacity 11337K, committed 11352K, reserved 1048576K
}
Event: 339.423 GC heap before
{Heap before GC invocations=37 (full 3):
 PSYoungGen      total 143872K, used 129864K [0x00000000f5580000, 0x00000000ffe80000, 0x0000000100000000)
  eden space 116736K, 100% used [0x00000000f5580000,0x00000000fc780000,0x00000000fc780000)
  from space 27136K, 48% used [0x00000000fc780000,0x00000000fd452330,0x00000000fe200000)
  to   space 26624K, 0% used [0x00000000fe480000,0x00000000fe480000,0x00000000ffe80000)
 ParOldGen       total 245248K, used 135776K [0x00000000e0000000, 0x00000000eef80000, 0x00000000f5580000)
  object space 245248K, 55% used [0x00000000e0000000,0x00000000e8498240,0x00000000eef80000)
 Metaspace       used 83155K, capacity 85798K, committed 86104K, reserved 1124352K
  class space    used 10879K, capacity 11494K, committed 11608K, reserved 1048576K
Event: 339.442 GC heap after
Heap after GC invocations=37 (full 3):
 PSYoungGen      total 146944K, used 13011K [0x00000000f5580000, 0x00000000ffe80000, 0x0000000100000000)
  eden space 120320K, 0% used [0x00000000f5580000,0x00000000f5580000,0x00000000fcb00000)
  from space 26624K, 48% used [0x00000000fe480000,0x00000000ff134c40,0x00000000ffe80000)
  to   space 26112K, 0% used [0x00000000fcb00000,0x00000000fcb00000,0x00000000fe480000)
 ParOldGen       total 245248K, used 140166K [0x00000000e0000000, 0x00000000eef80000, 0x00000000f5580000)
  object space 245248K, 57% used [0x00000000e0000000,0x00000000e88e1800,0x00000000eef80000)
 Metaspace       used 83155K, capacity 85798K, committed 86104K, reserved 1124352K
  class space    used 10879K, capacity 11494K, committed 11608K, reserved 1048576K
}

